<?xml version="1.0" encoding="UTF-8"?>
<!-- Generated by org.testng.reporters.JUnitXMLReporter -->
<testsuite hostname="Max-Dobeck-SL-0465.local" name="Command line test" tests="4" failures="2" timestamp="9 Oct 2018 14:38:39 GMT" time="69.05" errors="0">
  <testcase name="verifyLinkTest" time="39.545" classname="com.yourcompany.Tests.FollowLinkTest"/>
  <testcase name="verifyLinkTest" time="47.115" classname="com.yourcompany.Tests.FollowLinkTest"/>
  <testcase name="verifyCommentInputTest" time="50.188" classname="com.yourcompany.Tests.TextInputTest">
    <failure type="java.lang.AssertionError" message="expected [true] but found [false]">
      <![CDATA[java.lang.AssertionError: expected [true] but found [false]
	at com.yourcompany.Tests.TextInputTest.verifyCommentInputTest(TextInputTest.java:42)
	at java.util.concurrent.FutureTask.run(FutureTask.java:266)
	at java.util.concurrent.Executors$RunnableAdapter.call(Executors.java:511)
	at java.util.concurrent.FutureTask.run(FutureTask.java:266)
	at java.util.concurrent.ThreadPoolExecutor.runWorker(ThreadPoolExecutor.java:1149)
	at java.util.concurrent.ThreadPoolExecutor$Worker.run(ThreadPoolExecutor.java:624)
	at java.lang.Thread.run(Thread.java:748)
... Removed 13 stack frames]]>
    </failure>
  </testcase> <!-- verifyCommentInputTest -->
  <testcase name="verifyCommentInputTest" time="67.556" classname="com.yourcompany.Tests.TextInputTest">
    <failure type="java.lang.AssertionError" message="expected [true] but found [false]">
      <![CDATA[java.lang.AssertionError: expected [true] but found [false]
	at com.yourcompany.Tests.TextInputTest.verifyCommentInputTest(TextInputTest.java:42)
	at java.util.concurrent.FutureTask.run(FutureTask.java:266)
	at java.util.concurrent.Executors$RunnableAdapter.call(Executors.java:511)
	at java.util.concurrent.FutureTask.run(FutureTask.java:266)
	at java.util.concurrent.ThreadPoolExecutor.runWorker(ThreadPoolExecutor.java:1149)
	at java.util.concurrent.ThreadPoolExecutor$Worker.run(ThreadPoolExecutor.java:624)
	at java.lang.Thread.run(Thread.java:748)
... Removed 13 stack frames]]>
    </failure>
  </testcase> <!-- verifyCommentInputTest -->
</testsuite> <!-- Command line test -->
